# JRE version: OpenJDK Runtime Environment 18.9 (11.0.13+8) (build 11.0.13+8)
# Java VM: OpenJDK 64-Bit Server VM 18.9 (11.0.13+8, mixed mode, sharing, tiered, compressed oops, g1 gc, linux-amd64)
Heap:
 garbage-first heap   total 264192K, used 73708K [0x00000000e0000000, 0x0000000100000000)
  region size 1024K, 38 young (38912K), 3 survivors (3072K)
 Metaspace       used 54649K, capacity 56149K, committed 56240K, reserved 303104K
  class space    used 7055K, capacity 7627K, committed 7680K, reserved 253952K
GC Heap History (20 events):
Event: 27.264 GC heap before
{Heap before GC invocations=10 (full 0):
 garbage-first heap   total 264192K, used 56766K [0x00000000e0000000, 0x0000000100000000)
  region size 1024K, 37 young (37888K), 6 survivors (6144K)
 Metaspace       used 34533K, capacity 35454K, committed 35632K, reserved 284672K
  class space    used 4750K, capacity 5146K, committed 5248K, reserved 253952K
}
Event: 27.337 GC heap after
{Heap after GC invocations=11 (full 0):
 garbage-first heap   total 264192K, used 27717K [0x00000000e0000000, 0x0000000100000000)
  region size 1024K, 8 young (8192K), 8 survivors (8192K)
 Metaspace       used 34533K, capacity 35454K, committed 35632K, reserved 284672K
  class space    used 4750K, capacity 5146K, committed 5248K, reserved 253952K
}
Event: 28.125 GC heap before
{Heap before GC invocations=12 (full 0):
 garbage-first heap   total 264192K, used 31813K [0x00000000e0000000, 0x0000000100000000)
  region size 1024K, 12 young (12288K), 8 survivors (8192K)
 Metaspace       used 35166K, capacity 36100K, committed 36400K, reserved 286720K
  class space    used 4833K, capacity 5213K, committed 5248K, reserved 253952K
}
Event: 28.244 GC heap after
{Heap after GC invocations=13 (full 0):
 garbage-first heap   total 264192K, used 28481K [0x00000000e0000000, 0x0000000100000000)
  region size 1024K, 1 young (1024K), 1 survivors (1024K)
 Metaspace       used 35166K, capacity 36100K, committed 36400K, reserved 286720K
  class space    used 4833K, capacity 5213K, committed 5248K, reserved 253952K
}
Event: 34.745 GC heap before
{Heap before GC invocations=13 (full 0):
 garbage-first heap   total 264192K, used 128833K [0x00000000e0000000, 0x0000000100000000)
  region size 1024K, 96 young (98304K), 1 survivors (1024K)
 Metaspace       used 42183K, capacity 43340K, committed 43568K, reserved 292864K
  class space    used 5698K, capacity 6151K, committed 6272K, reserved 253952K
}
Event: 34.813 GC heap after
{Heap after GC invocations=14 (full 0):
 garbage-first heap   total 264192K, used 31991K [0x00000000e0000000, 0x0000000100000000)
  region size 1024K, 5 young (5120K), 5 survivors (5120K)
 Metaspace       used 42183K, capacity 43340K, committed 43568K, reserved 292864K
  class space    used 5698K, capacity 6151K, committed 6272K, reserved 253952K
}
Event: 35.201 GC heap before
{Heap before GC invocations=14 (full 0):
 garbage-first heap   total 264192K, used 39159K [0x00000000e0000000, 0x0000000100000000)
  region size 1024K, 12 young (12288K), 5 survivors (5120K)
 Metaspace       used 42947K, capacity 44216K, committed 44464K, reserved 292864K
  class space    used 5805K, capacity 6293K, committed 6400K, reserved 253952K
}
Event: 35.243 GC heap after
{Heap after GC invocations=15 (full 0):
 garbage-first heap   total 264192K, used 32579K [0x00000000e0000000, 0x0000000100000000)
  region size 1024K, 1 young (1024K), 1 survivors (1024K)
 Metaspace       used 42947K, capacity 44216K, committed 44464K, reserved 292864K
  class space    used 5805K, capacity 6293K, committed 6400K, reserved 253952K
}
Event: 36.533 GC heap before
{Heap before GC invocations=15 (full 0):
 garbage-first heap   total 264192K, used 53059K [0x00000000e0000000, 0x0000000100000000)
  region size 1024K, 21 young (21504K), 1 survivors (1024K)
 Metaspace       used 45970K, capacity 47133K, committed 47280K, reserved 294912K
  class space    used 6145K, capacity 6620K, committed 6656K, reserved 253952K
}
Event: 36.555 GC heap after
{Heap after GC invocations=16 (full 0):
 garbage-first heap   total 264192K, used 34627K [0x00000000e0000000, 0x0000000100000000)
  region size 1024K, 3 young (3072K), 3 survivors (3072K)
 Metaspace       used 45970K, capacity 47133K, committed 47280K, reserved 294912K
  class space    used 6145K, capacity 6620K, committed 6656K, reserved 253952K
}
Event: 41.904 GC heap before
{Heap before GC invocations=16 (full 0):
 garbage-first heap   total 264192K, used 56131K [0x00000000e0000000, 0x0000000100000000)
  region size 1024K, 24 young (24576K), 3 survivors (3072K)
 Metaspace       used 51349K, capacity 52682K, committed 52912K, reserved 301056K
  class space    used 6807K, capacity 7340K, committed 7424K, reserved 253952K
}
Event: 41.970 GC heap after
{Heap after GC invocations=17 (full 0):
 garbage-first heap   total 264192K, used 36075K [0x00000000e0000000, 0x0000000100000000)
  region size 1024K, 2 young (2048K), 2 survivors (2048K)
 Metaspace       used 51349K, capacity 52682K, committed 52912K, reserved 301056K
  class space    used 6807K, capacity 7340K, committed 7424K, reserved 253952K
}
Event: 50.905 GC heap before
{Heap before GC invocations=17 (full 0):
 garbage-first heap   total 264192K, used 63723K [0x00000000e0000000, 0x0000000100000000)
  region size 1024K, 29 young (29696K), 2 survivors (2048K)
 Metaspace       used 52887K, capacity 54386K, committed 54576K, reserved 301056K
  class space    used 7000K, capacity 7542K, committed 7552K, reserved 253952K
}
Event: 50.929 GC heap after
{Heap after GC invocations=18 (full 0):
 garbage-first heap   total 264192K, used 36845K [0x00000000e0000000, 0x0000000100000000)
  region size 1024K, 3 young (3072K), 3 survivors (3072K)
 Metaspace       used 52887K, capacity 54386K, committed 54576K, reserved 301056K
  class space    used 7000K, capacity 7542K, committed 7552K, reserved 253952K
}
Event: 64.464 GC heap before
{Heap before GC invocations=18 (full 0):
 garbage-first heap   total 264192K, used 72685K [0x00000000e0000000, 0x0000000100000000)
  region size 1024K, 38 young (38912K), 3 survivors (3072K)
 Metaspace       used 53691K, capacity 55185K, committed 55472K, reserved 303104K
  class space    used 7019K, capacity 7586K, committed 7680K, reserved 253952K
}
Event: 64.526 GC heap after
{Heap after GC invocations=19 (full 0):
 garbage-first heap   total 264192K, used 38763K [0x00000000e0000000, 0x0000000100000000)
  region size 1024K, 5 young (5120K), 5 survivors (5120K)
 Metaspace       used 53691K, capacity 55185K, committed 55472K, reserved 303104K
  class space    used 7019K, capacity 7586K, committed 7680K, reserved 253952K
}
Event: 78.681 GC heap before
{Heap before GC invocations=19 (full 0):
 garbage-first heap   total 264192K, used 80747K [0x00000000e0000000, 0x0000000100000000)
  region size 1024K, 47 young (48128K), 5 survivors (5120K)
 Metaspace       used 54289K, capacity 55722K, committed 55984K, reserved 303104K
  class space    used 7043K, capacity 7592K, committed 7680K, reserved 253952K
}
Event: 78.728 GC heap after
{Heap after GC invocations=20 (full 0):
 garbage-first heap   total 264192K, used 38032K [0x00000000e0000000, 0x0000000100000000)
  region size 1024K, 3 young (3072K), 3 survivors (3072K)
 Metaspace       used 54289K, capacity 55722K, committed 55984K, reserved 303104K
  class space    used 7043K, capacity 7592K, committed 7680K, reserved 253952K
}
Event: 83.407 GC heap before
{Heap before GC invocations=20 (full 0):
 garbage-first heap   total 264192K, used 104592K [0x00000000e0000000, 0x0000000100000000)
  region size 1024K, 69 young (70656K), 3 survivors (3072K)
 Metaspace       used 54542K, capacity 56020K, committed 56240K, reserved 303104K
  class space    used 7055K, capacity 7627K, committed 7680K, reserved 253952K
}
Event: 83.474 GC heap after
{Heap after GC invocations=21 (full 0):
 garbage-first heap   total 264192K, used 38892K [0x00000000e0000000, 0x0000000100000000)
  region size 1024K, 3 young (3072K), 3 survivors (3072K)
 Metaspace       used 54542K, capacity 56020K, committed 56240K, reserved 303104K
  class space    used 7055K, capacity 7627K, committed 7680K, reserved 253952K
}

