# JRE version: OpenJDK Runtime Environment 18.9 (11.0.13+8) (build 11.0.13+8)
# Java VM: OpenJDK 64-Bit Server VM 18.9 (11.0.13+8, mixed mode, sharing, tiered, compressed oops, g1 gc, linux-amd64)
Heap:
 garbage-first heap   total 144384K, used 43040K [0x00000000e0e00000, 0x0000000100000000)
  region size 1024K, 20 young (20480K), 3 survivors (3072K)
 Metaspace       used 14158K, capacity 15139K, committed 15488K, reserved 1062912K
  class space    used 1792K, capacity 2111K, committed 2176K, reserved 1048576K
GC Heap History (20 events):
Event: 18.045 GC heap before
{Heap before GC invocations=18 (full 0):
 garbage-first heap   total 26624K, used 14294K [0x00000000e0e00000, 0x0000000100000000)
  region size 1024K, 5 young (5120K), 1 survivors (1024K)
 Metaspace       used 13160K, capacity 14306K, committed 14592K, reserved 1062912K
  class space    used 1701K, capacity 1961K, committed 2048K, reserved 1048576K
}
Event: 18.067 GC heap after
{Heap after GC invocations=19 (full 0):
 garbage-first heap   total 26624K, used 12197K [0x00000000e0e00000, 0x0000000100000000)
  region size 1024K, 1 young (1024K), 1 survivors (1024K)
 Metaspace       used 13160K, capacity 14306K, committed 14592K, reserved 1062912K
  class space    used 1701K, capacity 1961K, committed 2048K, reserved 1048576K
}
Event: 19.052 GC heap before
{Heap before GC invocations=20 (full 0):
 garbage-first heap   total 26624K, used 16293K [0x00000000e0e00000, 0x0000000100000000)
  region size 1024K, 5 young (5120K), 1 survivors (1024K)
 Metaspace       used 13174K, capacity 14308K, committed 14592K, reserved 1062912K
  class space    used 1701K, capacity 1961K, committed 2048K, reserved 1048576K
}
Event: 19.184 GC heap after
{Heap after GC invocations=21 (full 0):
 garbage-first heap   total 32768K, used 13096K [0x00000000e0e00000, 0x0000000100000000)
  region size 1024K, 1 young (1024K), 1 survivors (1024K)
 Metaspace       used 13174K, capacity 14308K, committed 14592K, reserved 1062912K
  class space    used 1701K, capacity 1961K, committed 2048K, reserved 1048576K
}
Event: 19.749 GC heap before
{Heap before GC invocations=21 (full 0):
 garbage-first heap   total 32768K, used 18216K [0x00000000e0e00000, 0x0000000100000000)
  region size 1024K, 6 young (6144K), 1 survivors (1024K)
 Metaspace       used 13214K, capacity 14314K, committed 14592K, reserved 1062912K
  class space    used 1704K, capacity 1963K, committed 2048K, reserved 1048576K
}
Event: 19.786 GC heap after
{Heap after GC invocations=22 (full 0):
 garbage-first heap   total 32768K, used 14092K [0x00000000e0e00000, 0x0000000100000000)
  region size 1024K, 1 young (1024K), 1 survivors (1024K)
 Metaspace       used 13214K, capacity 14314K, committed 14592K, reserved 1062912K
  class space    used 1704K, capacity 1963K, committed 2048K, reserved 1048576K
}
Event: 20.027 GC heap before
{Heap before GC invocations=22 (full 0):
 garbage-first heap   total 32768K, used 19212K [0x00000000e0e00000, 0x0000000100000000)
  region size 1024K, 6 young (6144K), 1 survivors (1024K)
 Metaspace       used 13275K, capacity 14395K, committed 14592K, reserved 1062912K
  class space    used 1709K, capacity 1969K, committed 2048K, reserved 1048576K
}
Event: 20.049 GC heap after
{Heap after GC invocations=23 (full 0):
 garbage-first heap   total 32768K, used 14839K [0x00000000e0e00000, 0x0000000100000000)
  region size 1024K, 1 young (1024K), 1 survivors (1024K)
 Metaspace       used 13275K, capacity 14395K, committed 14592K, reserved 1062912K
  class space    used 1709K, capacity 1969K, committed 2048K, reserved 1048576K
}
Event: 20.268 GC heap before
{Heap before GC invocations=23 (full 0):
 garbage-first heap   total 32768K, used 19959K [0x00000000e0e00000, 0x0000000100000000)
  region size 1024K, 6 young (6144K), 1 survivors (1024K)
 Metaspace       used 13291K, capacity 14407K, committed 14592K, reserved 1062912K
  class space    used 1712K, capacity 1974K, committed 2048K, reserved 1048576K
}
Event: 20.293 GC heap after
{Heap after GC invocations=24 (full 0):
 garbage-first heap   total 32768K, used 15765K [0x00000000e0e00000, 0x0000000100000000)
  region size 1024K, 1 young (1024K), 1 survivors (1024K)
 Metaspace       used 13291K, capacity 14407K, committed 14592K, reserved 1062912K
  class space    used 1712K, capacity 1974K, committed 2048K, reserved 1048576K
}
Event: 20.769 GC heap before
{Heap before GC invocations=25 (full 0):
 garbage-first heap   total 32768K, used 20885K [0x00000000e0e00000, 0x0000000100000000)
  region size 1024K, 6 young (6144K), 1 survivors (1024K)
 Metaspace       used 13319K, capacity 14415K, committed 14592K, reserved 1062912K
  class space    used 1713K, capacity 1976K, committed 2048K, reserved 1048576K
}
Event: 20.812 GC heap after
{Heap after GC invocations=26 (full 0):
 garbage-first heap   total 65536K, used 16443K [0x00000000e0e00000, 0x0000000100000000)
  region size 1024K, 1 young (1024K), 1 survivors (1024K)
 Metaspace       used 13319K, capacity 14415K, committed 14592K, reserved 1062912K
  class space    used 1713K, capacity 1976K, committed 2048K, reserved 1048576K
}
Event: 21.573 GC heap before
{Heap before GC invocations=26 (full 0):
 garbage-first heap   total 65536K, used 31803K [0x00000000e0e00000, 0x0000000100000000)
  region size 1024K, 16 young (16384K), 1 survivors (1024K)
 Metaspace       used 13510K, capacity 14568K, committed 14848K, reserved 1062912K
  class space    used 1733K, capacity 2028K, committed 2048K, reserved 1048576K
}
Event: 21.718 GC heap after
{Heap after GC invocations=27 (full 0):
 garbage-first heap   total 65536K, used 18774K [0x00000000e0e00000, 0x0000000100000000)
  region size 1024K, 2 young (2048K), 2 survivors (2048K)
 Metaspace       used 13510K, capacity 14568K, committed 14848K, reserved 1062912K
  class space    used 1733K, capacity 2028K, committed 2048K, reserved 1048576K
}
Event: 23.113 GC heap before
{Heap before GC invocations=27 (full 0):
 garbage-first heap   total 65536K, used 35158K [0x00000000e0e00000, 0x0000000100000000)
  region size 1024K, 18 young (18432K), 2 survivors (2048K)
 Metaspace       used 13955K, capacity 15007K, committed 15232K, reserved 1062912K
  class space    used 1778K, capacity 2071K, committed 2176K, reserved 1048576K
}
Event: 23.196 GC heap after
{Heap after GC invocations=28 (full 0):
 garbage-first heap   total 65536K, used 21506K [0x00000000e0e00000, 0x0000000100000000)
  region size 1024K, 3 young (3072K), 3 survivors (3072K)
 Metaspace       used 13955K, capacity 15007K, committed 15232K, reserved 1062912K
  class space    used 1778K, capacity 2071K, committed 2176K, reserved 1048576K
}
Event: 23.969 GC heap before
{Heap before GC invocations=28 (full 0):
 garbage-first heap   total 65536K, used 37890K [0x00000000e0e00000, 0x0000000100000000)
  region size 1024K, 20 young (20480K), 3 survivors (3072K)
 Metaspace       used 14106K, capacity 15120K, committed 15488K, reserved 1062912K
  class space    used 1789K, capacity 2108K, committed 2176K, reserved 1048576K
}
Event: 24.048 GC heap after
{Heap after GC invocations=29 (full 0):
 garbage-first heap   total 65536K, used 24248K [0x00000000e0e00000, 0x0000000100000000)
  region size 1024K, 3 young (3072K), 3 survivors (3072K)
 Metaspace       used 14106K, capacity 15120K, committed 15488K, reserved 1062912K
  class space    used 1789K, capacity 2108K, committed 2176K, reserved 1048576K
}
Event: 24.682 GC heap before
{Heap before GC invocations=29 (full 0):
 garbage-first heap   total 65536K, used 41656K [0x00000000e0e00000, 0x0000000100000000)
  region size 1024K, 20 young (20480K), 3 survivors (3072K)
 Metaspace       used 14148K, capacity 15134K, committed 15488K, reserved 1062912K
  class space    used 1792K, capacity 2111K, committed 2176K, reserved 1048576K
}
Event: 24.783 GC heap after
{Heap after GC invocations=30 (full 0):
 garbage-first heap   total 144384K, used 26656K [0x00000000e0e00000, 0x0000000100000000)
  region size 1024K, 3 young (3072K), 3 survivors (3072K)
 Metaspace       used 14148K, capacity 15134K, committed 15488K, reserved 1062912K
  class space    used 1792K, capacity 2111K, committed 2176K, reserved 1048576K
}

